<?xml version="1.0" encoding="UTF-8"?>
<testng-results skipped="0" failed="2" ignored="0" total="6" passed="4">
  <reporter-output>
  </reporter-output>
  <suite name="Suite" duration-ms="76603" started-at="2020-04-21T07:57:34Z" finished-at="2020-04-21T07:58:51Z">
    <groups>
      <group name="cucumber scenarios">
        <method signature="Runner.scenario(io.cucumber.testng.PickleWrapper, io.cucumber.testng.FeatureWrapper)[pri:0, instance:RunnerClass.Runner@4c70fda8]" name="scenario" class="RunnerClass.Runner"/>
      </group> <!-- cucumber scenarios -->
      <group name="cucumber">
        <method signature="AbstractTestNGCucumberTests.runScenario(io.cucumber.testng.PickleWrapper, io.cucumber.testng.FeatureWrapper)[pri:0, instance:RunnerClass.Runner@4c70fda8]" name="runScenario" class="io.cucumber.testng.AbstractTestNGCucumberTests"/>
      </group> <!-- cucumber -->
    </groups>
    <test name="Test" duration-ms="76603" started-at="2020-04-21T07:57:34Z" finished-at="2020-04-21T07:58:51Z">
      <class name="RunnerClass.Runner">
        <test-method status="PASS" signature="setUpClass()[pri:0, instance:RunnerClass.Runner@4c70fda8]" name="setUpClass" is-config="true" duration-ms="1476" started-at="2020-04-21T07:57:34Z" finished-at="2020-04-21T07:57:35Z">
          <reporter-output>
          </reporter-output>
        </test-method> <!-- setUpClass -->
        <test-method status="PASS" signature="setup()[pri:0, instance:RunnerClass.Runner@4c70fda8]" name="setup" is-config="true" duration-ms="24" started-at="2020-04-21T07:57:35Z" finished-at="2020-04-21T07:57:36Z">
          <reporter-output>
          </reporter-output>
        </test-method> <!-- setup -->
        <test-method status="FAIL" signature="runScenario(io.cucumber.testng.PickleWrapper, io.cucumber.testng.FeatureWrapper)[pri:0, instance:RunnerClass.Runner@4c70fda8]" name="runScenario" duration-ms="39900" started-at="2020-04-21T07:57:36Z" description="Runs Cucumber Scenarios" data-provider="scenarios" finished-at="2020-04-21T07:58:15Z">
          <params>
            <param index="0">
              <value>
                <![CDATA["Free Crm Loginn Test Scenario"]]>
              </value>
            </param>
            <param index="1">
              <value>
                <![CDATA["free crm"]]>
              </value>
            </param>
          </params>
          <exception class="java.lang.AssertionError">
            <message>
              <![CDATA[null]]>
            </message>
            <full-stacktrace>
              <![CDATA[java.lang.AssertionError: null
at org.testng.Assert.fail(Assert.java:96)
at org.testng.Assert.fail(Assert.java:103)
at Definition.Test123.userIsAlreadyInTheLoginPage(Test123.java:26)
at ✽.user is already in the login page(file:///E:/NoticeperiodSelenium/cucumberreports/src/main/java/Features/Test123.feature:4)
]]>
            </full-stacktrace>
          </exception> <!-- java.lang.AssertionError -->
          <reporter-output>
          </reporter-output>
        </test-method> <!-- runScenario -->
        <test-method status="PASS" signature="runScenario(io.cucumber.testng.PickleWrapper, io.cucumber.testng.FeatureWrapper)[pri:0, instance:RunnerClass.Runner@4c70fda8]" name="runScenario" duration-ms="38889" started-at="2020-04-21T07:57:36Z" description="Runs Cucumber Scenarios" data-provider="scenarios" finished-at="2020-04-21T07:58:14Z">
          <params>
            <param index="0">
              <value>
                <![CDATA["Free crm lookup"]]>
              </value>
            </param>
            <param index="1">
              <value>
                <![CDATA["free crm"]]>
              </value>
            </param>
          </params>
          <reporter-output>
          </reporter-output>
        </test-method> <!-- runScenario -->
        <test-method status="PASS" signature="runScenario(io.cucumber.testng.PickleWrapper, io.cucumber.testng.FeatureWrapper)[pri:0, instance:RunnerClass.Runner@4c70fda8]" name="runScenario" duration-ms="38913" started-at="2020-04-21T07:57:36Z" description="Runs Cucumber Scenarios" data-provider="scenarios" finished-at="2020-04-21T07:58:14Z">
          <params>
            <param index="0">
              <value>
                <![CDATA["Verify the datatable"]]>
              </value>
            </param>
            <param index="1">
              <value>
                <![CDATA["Verify the datatable"]]>
              </value>
            </param>
          </params>
          <reporter-output>
          </reporter-output>
        </test-method> <!-- runScenario -->
        <test-method status="PASS" signature="scenario(io.cucumber.testng.PickleWrapper, io.cucumber.testng.FeatureWrapper)[pri:0, instance:RunnerClass.Runner@4c70fda8]" name="scenario" duration-ms="26602" started-at="2020-04-21T07:58:16Z" description="Runs Cucumber Scenarios" data-provider="scenarios" finished-at="2020-04-21T07:58:42Z">
          <params>
            <param index="0">
              <value>
                <![CDATA["Verify the datatable"]]>
              </value>
            </param>
            <param index="1">
              <value>
                <![CDATA["Verify the datatable"]]>
              </value>
            </param>
          </params>
          <reporter-output>
          </reporter-output>
        </test-method> <!-- scenario -->
        <test-method status="PASS" signature="scenario(io.cucumber.testng.PickleWrapper, io.cucumber.testng.FeatureWrapper)[pri:0, instance:RunnerClass.Runner@4c70fda8]" name="scenario" duration-ms="27890" started-at="2020-04-21T07:58:16Z" description="Runs Cucumber Scenarios" data-provider="scenarios" finished-at="2020-04-21T07:58:43Z">
          <params>
            <param index="0">
              <value>
                <![CDATA["Free crm lookup"]]>
              </value>
            </param>
            <param index="1">
              <value>
                <![CDATA["free crm"]]>
              </value>
            </param>
          </params>
          <reporter-output>
          </reporter-output>
        </test-method> <!-- scenario -->
        <test-method status="FAIL" signature="scenario(io.cucumber.testng.PickleWrapper, io.cucumber.testng.FeatureWrapper)[pri:0, instance:RunnerClass.Runner@4c70fda8]" name="scenario" duration-ms="32848" started-at="2020-04-21T07:58:16Z" description="Runs Cucumber Scenarios" data-provider="scenarios" finished-at="2020-04-21T07:58:48Z">
          <params>
            <param index="0">
              <value>
                <![CDATA["Free Crm Loginn Test Scenario"]]>
              </value>
            </param>
            <param index="1">
              <value>
                <![CDATA["free crm"]]>
              </value>
            </param>
          </params>
          <exception class="java.lang.AssertionError">
            <message>
              <![CDATA[null]]>
            </message>
            <full-stacktrace>
              <![CDATA[java.lang.AssertionError: null
at org.testng.Assert.fail(Assert.java:96)
at org.testng.Assert.fail(Assert.java:103)
at Definition.Test123.userIsAlreadyInTheLoginPage(Test123.java:26)
at ✽.user is already in the login page(file:///E:/NoticeperiodSelenium/cucumberreports/src/main/java/Features/Test123.feature:4)
]]>
            </full-stacktrace>
          </exception> <!-- java.lang.AssertionError -->
          <reporter-output>
          </reporter-output>
        </test-method> <!-- scenario -->
        <test-method status="PASS" signature="tearDown()[pri:0, instance:RunnerClass.Runner@4c70fda8]" name="tearDown" is-config="true" duration-ms="1876" started-at="2020-04-21T07:58:48Z" finished-at="2020-04-21T07:58:50Z">
          <reporter-output>
          </reporter-output>
        </test-method> <!-- tearDown -->
        <test-method status="PASS" signature="tearDownClass()[pri:0, instance:RunnerClass.Runner@4c70fda8]" name="tearDownClass" is-config="true" duration-ms="343" started-at="2020-04-21T07:58:50Z" finished-at="2020-04-21T07:58:51Z">
          <reporter-output>
          </reporter-output>
        </test-method> <!-- tearDownClass -->
      </class> <!-- RunnerClass.Runner -->
    </test> <!-- Test -->
  </suite> <!-- Suite -->
</testng-results>
